
    


    
    
    


    
    [2021-04-04 02:18:29][1] Processing: App\Jobs\GenerateInvoicePDFJob

[2021-04-04 02:18:29][1] Failed:     App\Jobs\GenerateInvoicePDFJob
[2021-04-04 02:29:08][2] Processing: App\Jobs\GenerateInvoicePDFJob
[2021-04-04 02:29:09][2] Failed:     App\Jobs\GenerateInvoicePDFJob
[2021-04-04 02:30:18][3] Processing: App\Jobs\GenerateInvoicePDFJob
[2021-04-04 02:30:18][3] Failed:     App\Jobs\GenerateInvoicePDFJob
[2021-04-04 02:31:48][4] Processing: App\Jobs\GenerateInvoicePDFJob
[2021-04-04 02:31:48][4] Failed:     App\Jobs\GenerateInvoicePDFJob
[2021-04-04 02:33:57][5] Processing: App\Jobs\GenerateInvoicePDFJob
[2021-04-04 02:33:57][5] Failed:     App\Jobs\GenerateInvoicePDFJob

    


    
    [2021-04-04 02:37:46][6] Processing: App\Jobs\GenerateInvoicePDFJob

[2021-04-04 02:37:46][6] Failed:     App\Jobs\GenerateInvoicePDFJob
[2021-04-04 02:40:49][7] Processing: App\Jobs\GenerateInvoicePDFJob
[2021-04-04 02:40:49][7] Failed:     App\Jobs\GenerateInvoicePDFJob
[2021-04-04 02:43:17][8] Processing: App\Jobs\GenerateInvoicePDFJob
[2021-04-04 02:43:17][8] Failed:     App\Jobs\GenerateInvoicePDFJob
[2021-04-04 02:46:11][9] Processing: App\Jobs\GenerateInvoicePDFJob
[2021-04-04 02:46:11][9] Failed:     App\Jobs\GenerateInvoicePDFJob
[2021-04-04 02:48:41][10] Processing: App\Jobs\GenerateInvoicePDFJob
[2021-04-04 02:48:41][10] Failed:     App\Jobs\GenerateInvoicePDFJob

    


    
    [2021-04-04 02:53:34][11] Processing: App\Jobs\GenerateInvoicePDFJob

[2021-04-04 02:53:34][11] Failed:     App\Jobs\GenerateInvoicePDFJob
[2021-04-04 02:59:56][12] Processing: App\Jobs\GenerateInvoicePDFJob
[2021-04-04 02:59:56][12] Failed:     App\Jobs\GenerateInvoicePDFJob

    


    
    [2021-04-04 03:01:42][13] Processing: App\Jobs\GenerateInvoicePDFJob

[2021-04-04 03:01:42][13] Processed:  App\Jobs\GenerateInvoicePDFJob
[2021-04-04 11:18:40][14] Processing: App\Jobs\GenerateInvoicePDFJob
[2021-04-04 11:18:41][14] Processed:  App\Jobs\GenerateInvoicePDFJob
[2021-04-05 08:19:21][1] Processing: App\Jobs\GenerateInvoicePDFJob
[2021-04-05 08:19:23][1] Processed:  App\Jobs\GenerateInvoicePDFJob
[2021-04-05 09:08:49][1] Processing: App\Jobs\GenerateInvoicePDFJob
[2021-04-05 09:08:49][1] Failed:     App\Jobs\GenerateInvoicePDFJob
[2021-04-05 12:23:09][1] Processing: App\Jobs\GenerateInvoicePDFJob
[2021-04-05 12:23:10][1] Failed:     App\Jobs\GenerateInvoicePDFJob
[2021-04-05 14:13:08][1] Processing: App\Jobs\GenerateInvoicePDFJob
[2021-04-05 14:13:08][1] Failed:     App\Jobs\GenerateInvoicePDFJob

    


    
    
    


    
    [2021-04-07 13:13:18][1] Processing: App\Jobs\GenerateInvoicePDFJob

[2021-04-07 13:13:19][1] Processed:  App\Jobs\GenerateInvoicePDFJob

    


    
    [2021-04-08 08:12:37][1] Processing: App\Jobs\GenerateInvoicePDFJob

[2021-04-08 08:12:38][1] Failed:     App\Jobs\GenerateInvoicePDFJob
[2021-04-08 08:20:56][2] Processing: App\Jobs\GenerateInvoicePDFJob
[2021-04-08 08:20:56][2] Failed:     App\Jobs\GenerateInvoicePDFJob
[2021-04-08 12:21:17][1] Processing: App\Jobs\GenerateInvoicePDFJob
[2021-04-08 12:21:18][1] Processed:  App\Jobs\GenerateInvoicePDFJob
[2021-04-08 14:10:18][2] Processing: App\Jobs\GenerateInvoicePDFJob
[2021-04-08 14:10:18][2] Processed:  App\Jobs\GenerateInvoicePDFJob
[2021-04-09 14:12:33][3] Processing: App\Mail\UserSignedUpEmail
[2021-04-09 14:12:34][3] Processed:  App\Mail\UserSignedUpEmail
[2021-04-09 14:35:21][4] Processing: App\Mail\UserSignedUpEmail
[2021-04-09 14:35:22][4] Processed:  App\Mail\UserSignedUpEmail
[2021-04-09 14:50:50][5] Processing: App\Mail\UserSignedUpEmail
[2021-04-09 14:50:51][5] Processed:  App\Mail\UserSignedUpEmail
[2021-04-10 08:16:55][1] Processing: App\Mail\UserSignedUpEmail
[2021-04-10 08:16:56][1] Processed:  App\Mail\UserSignedUpEmail
[2021-04-10 08:26:00][2] Processing: App\Mail\UserSignedUpEmail
[2021-04-10 08:26:01][2] Processed:  App\Mail\UserSignedUpEmail
[2021-04-10 08:42:23][3] Processing: App\Mail\UserSignedUpEmail
[2021-04-10 08:42:24][3] Processed:  App\Mail\UserSignedUpEmail
[2021-04-10 08:50:34][4] Processing: App\Mail\UserSignedUpEmail
[2021-04-10 08:50:35][4] Processed:  App\Mail\UserSignedUpEmail
[2021-04-10 08:51:50][5] Processing: App\Mail\UserSignedUpEmail
[2021-04-10 08:51:51][5] Processed:  App\Mail\UserSignedUpEmail
[2021-04-10 08:56:04][6] Processing: App\Mail\UserSignedUpEmail
[2021-04-10 08:56:06][6] Processed:  App\Mail\UserSignedUpEmail
[2021-04-10 09:05:30][7] Processing: App\Mail\UserSignedUpEmail
[2021-04-10 09:05:31][7] Processed:  App\Mail\UserSignedUpEmail
[2021-04-10 09:08:23][8] Processing: App\Mail\UserSignedUpEmail
[2021-04-10 09:08:24][8] Processed:  App\Mail\UserSignedUpEmail
[2021-04-10 11:10:14][1] Processing: App\Mail\UserSignedUpEmail
[2021-04-10 11:10:16][1] Processed:  App\Mail\UserSignedUpEmail
[2021-04-10 11:15:52][2] Processing: App\Jobs\GenerateInvoicePDFJob
[2021-04-10 11:15:52][2] Processed:  App\Jobs\GenerateInvoicePDFJob
[2021-04-10 12:48:10][3] Processing: App\Jobs\GenerateInvoicePDFJob
[2021-04-10 12:48:10][3] Processed:  App\Jobs\GenerateInvoicePDFJob
[2021-04-10 12:48:37][4] Processing: App\Jobs\GenerateInvoicePDFJob
[2021-04-10 12:48:37][4] Processed:  App\Jobs\GenerateInvoicePDFJob
[2021-04-11 09:30:28][5] Processing: App\Mail\UserSignedUpEmail
[2021-04-11 09:30:29][5] Processed:  App\Mail\UserSignedUpEmail

    


    
    [2021-04-12 07:24:57][6] Processing: App\Mail\UserSignedUpEmail
[2021-04-12 07:24:58][6] Processed:  App\Mail\UserSignedUpEmail
[2021-04-12 07:24:58][7] Processing: App\Mail\UserSignedUpEmail
[2021-04-12 07:24:59][7] Processed:  App\Mail\UserSignedUpEmail
[2021-04-12 07:26:09][8] Processing: App\Mail\UserSignedUpEmail
[2021-04-12 07:26:10][8] Processed:  App\Mail\UserSignedUpEmail
[2021-04-12 09:38:54][1] Processing: App\Jobs\GenerateInvoicePDFJob

[2021-04-12 09:38:55][1] Processed:  App\Jobs\GenerateInvoicePDFJob
[2021-04-12 10:31:46][2] Processing: App\Jobs\GenerateInvoicePDFJob
[2021-04-12 10:31:46][2] Processed:  App\Jobs\GenerateInvoicePDFJob
[2021-04-12 10:32:34][3] Processing: App\Jobs\GenerateInvoicePDFJob
[2021-04-12 10:32:34][3] Processed:  App\Jobs\GenerateInvoicePDFJob
[2021-04-12 10:34:31][4] Processing: App\Jobs\GenerateInvoicePDFJob
[2021-04-12 10:34:32][4] Processed:  App\Jobs\GenerateInvoicePDFJob
[2021-04-12 12:38:51][5] Processing: App\Jobs\GenerateInvoicePDFJob
[2021-04-12 12:38:51][5] Processed:  App\Jobs\GenerateInvoicePDFJob
[2021-04-12 14:38:43][6] Processing: App\Jobs\GenerateInvoicePDFJob
[2021-04-12 14:38:43][6] Processed:  App\Jobs\GenerateInvoicePDFJob
[2021-04-13 07:51:02][7] Processing: App\Jobs\GenerateInvoicePDFJob
[2021-04-13 07:51:02][7] Processed:  App\Jobs\GenerateInvoicePDFJob
[2021-04-13 07:51:26][8] Processing: App\Jobs\GenerateInvoicePDFJob
[2021-04-13 07:51:27][8] Processed:  App\Jobs\GenerateInvoicePDFJob
[2021-04-13 07:51:42][9] Processing: App\Jobs\GenerateInvoicePDFJob
[2021-04-13 07:51:42][9] Processed:  App\Jobs\GenerateInvoicePDFJob
[2021-04-13 07:51:54][10] Processing: App\Jobs\GenerateInvoicePDFJob
[2021-04-13 07:51:54][10] Processed:  App\Jobs\GenerateInvoicePDFJob
[2021-04-13 09:38:59][11] Processing: App\Jobs\GenerateInvoicePDFJob
[2021-04-13 09:39:00][11] Processed:  App\Jobs\GenerateInvoicePDFJob
[2021-04-13 10:52:01][12] Processing: App\Jobs\GenerateInvoicePDFJob
[2021-04-13 10:52:01][12] Processed:  App\Jobs\GenerateInvoicePDFJob
[2021-04-13 10:55:47][13] Processing: App\Mail\GenericEmail
[2021-04-13 10:55:48][13] Processed:  App\Mail\GenericEmail
[2021-04-13 11:42:02][14] Processing: App\Jobs\GenerateInvoicePDFJob
[2021-04-13 11:42:03][14] Processed:  App\Jobs\GenerateInvoicePDFJob
[2021-04-13 12:18:32][15] Processing: App\Jobs\GenerateInvoicePDFJob
[2021-04-13 12:18:32][15] Processed:  App\Jobs\GenerateInvoicePDFJob
[2021-04-14 08:40:52][16] Processing: App\Jobs\GenerateInvoicePDFJob
[2021-04-14 08:40:53][16] Processed:  App\Jobs\GenerateInvoicePDFJob
[2021-04-14 08:41:11][17] Processing: App\Jobs\GenerateInvoicePDFJob
[2021-04-14 08:41:11][17] Processed:  App\Jobs\GenerateInvoicePDFJob
[2021-04-14 09:15:40][18] Processing: App\Jobs\GenerateInvoicePDFJob
[2021-04-14 09:15:40][18] Processed:  App\Jobs\GenerateInvoicePDFJob
[2021-04-14 09:16:59][19] Processing: App\Jobs\GenerateInvoicePDFJob
[2021-04-14 09:16:59][19] Processed:  App\Jobs\GenerateInvoicePDFJob
[2021-04-14 09:17:02][20] Processing: App\Jobs\GenerateInvoicePDFJob
[2021-04-14 09:17:02][20] Processed:  App\Jobs\GenerateInvoicePDFJob
[2021-04-14 09:17:05][21] Processing: App\Jobs\GenerateInvoicePDFJob
[2021-04-14 09:17:05][21] Processed:  App\Jobs\GenerateInvoicePDFJob
[2021-04-14 09:17:08][22] Processing: App\Jobs\GenerateInvoicePDFJob
[2021-04-14 09:17:08][22] Processed:  App\Jobs\GenerateInvoicePDFJob
[2021-04-14 09:17:12][23] Processing: App\Jobs\GenerateInvoicePDFJob
[2021-04-14 09:17:12][23] Processed:  App\Jobs\GenerateInvoicePDFJob
[2021-04-14 09:17:27][24] Processing: App\Jobs\GenerateInvoicePDFJob
[2021-04-14 09:17:27][24] Processed:  App\Jobs\GenerateInvoicePDFJob
[2021-04-14 09:17:36][25] Processing: App\Jobs\GenerateInvoicePDFJob
[2021-04-14 09:17:37][25] Processed:  App\Jobs\GenerateInvoicePDFJob
[2021-04-14 09:17:37][26] Processing: App\Jobs\GenerateInvoicePDFJob
[2021-04-14 09:17:37][26] Processed:  App\Jobs\GenerateInvoicePDFJob
[2021-04-14 09:17:52][27] Processing: App\Jobs\GenerateInvoicePDFJob
[2021-04-14 09:17:52][27] Processed:  App\Jobs\GenerateInvoicePDFJob
[2021-04-14 09:19:11][28] Processing: App\Jobs\GenerateInvoicePDFJob
[2021-04-14 09:19:11][28] Processed:  App\Jobs\GenerateInvoicePDFJob
[2021-04-14 09:23:38][29] Processing: App\Jobs\GenerateInvoicePDFJob
[2021-04-14 09:23:39][29] Processed:  App\Jobs\GenerateInvoicePDFJob
[2021-04-14 09:24:57][30] Processing: App\Jobs\GenerateInvoicePDFJob
[2021-04-14 09:24:57][30] Processed:  App\Jobs\GenerateInvoicePDFJob
[2021-04-14 09:25:12][31] Processing: App\Jobs\GenerateInvoicePDFJob
[2021-04-14 09:25:12][31] Processed:  App\Jobs\GenerateInvoicePDFJob
[2021-04-14 10:17:33][32] Processing: App\Jobs\GenerateInvoicePDFJob
[2021-04-14 10:17:34][32] Processed:  App\Jobs\GenerateInvoicePDFJob
[2021-04-14 12:16:17][33] Processing: App\Jobs\GenerateInvoicePDFJob
[2021-04-14 12:16:17][33] Processed:  App\Jobs\GenerateInvoicePDFJob
[2021-04-14 13:46:38][34] Processing: App\Jobs\GenerateInvoicePDFJob
[2021-04-14 13:46:38][34] Processed:  App\Jobs\GenerateInvoicePDFJob
[2021-04-15 08:28:19][35] Processing: App\Jobs\GenerateInvoicePDFJob
[2021-04-15 08:28:20][35] Processed:  App\Jobs\GenerateInvoicePDFJob
[2021-04-15 10:10:17][36] Processing: App\Jobs\GenerateInvoicePDFJob
[2021-04-15 10:10:17][36] Processed:  App\Jobs\GenerateInvoicePDFJob
[2021-04-15 12:24:55][37] Processing: App\Jobs\GenerateInvoicePDFJob
[2021-04-15 12:24:56][37] Processed:  App\Jobs\GenerateInvoicePDFJob
[2021-04-15 12:25:44][38] Processing: App\Jobs\GenerateInvoicePDFJob
[2021-04-15 12:25:44][38] Processed:  App\Jobs\GenerateInvoicePDFJob
[2021-04-18 09:56:33][39] Processing: App\Jobs\GenerateInvoicePDFJob
[2021-04-18 09:56:33][39] Processed:  App\Jobs\GenerateInvoicePDFJob
[2021-04-18 09:58:48][40] Processing: App\Jobs\GenerateInvoicePDFJob
[2021-04-18 09:58:48][40] Processed:  App\Jobs\GenerateInvoicePDFJob
[2021-04-18 10:00:06][41] Processing: App\Jobs\GenerateInvoicePDFJob
[2021-04-18 10:00:07][41] Processed:  App\Jobs\GenerateInvoicePDFJob
[2021-04-18 10:17:56][42] Processing: App\Jobs\GenerateInvoicePDFJob
[2021-04-18 10:17:56][42] Processed:  App\Jobs\GenerateInvoicePDFJob
[2021-04-18 11:05:38][43] Processing: App\Jobs\GenerateInvoicePDFJob
[2021-04-18 11:05:38][43] Processed:  App\Jobs\GenerateInvoicePDFJob
[2021-04-18 11:40:07][44] Processing: App\Jobs\GenerateInvoicePDFJob
[2021-04-18 11:40:08][44] Processed:  App\Jobs\GenerateInvoicePDFJob

    


    
    [2021-04-19 09:19:53][45] Processing: App\Jobs\GenerateInvoicePDFJob

[2021-04-19 09:19:54][45] Processed:  App\Jobs\GenerateInvoicePDFJob
[2021-04-20 09:21:36][46] Processing: App\Jobs\GenerateInvoicePDFJob
[2021-04-20 09:21:36][46] Processed:  App\Jobs\GenerateInvoicePDFJob
[2021-04-20 09:31:10][47] Processing: App\Jobs\GenerateInvoicePDFJob
[2021-04-20 09:31:10][47] Processed:  App\Jobs\GenerateInvoicePDFJob
[2021-04-20 09:36:07][48] Processing: App\Jobs\GenerateInvoicePDFJob
[2021-04-20 09:36:07][48] Processed:  App\Jobs\GenerateInvoicePDFJob
[2021-04-20 10:00:54][1] Processing: App\Jobs\GenerateInvoicePDFJob
[2021-04-20 10:00:54][1] Processed:  App\Jobs\GenerateInvoicePDFJob
[2021-04-20 10:21:16][2] Processing: App\Jobs\GenerateInvoicePDFJob
[2021-04-20 10:21:17][2] Processed:  App\Jobs\GenerateInvoicePDFJob
[2021-04-20 10:33:14][3] Processing: App\Jobs\GenerateInvoicePDFJob
[2021-04-20 10:33:14][3] Processed:  App\Jobs\GenerateInvoicePDFJob
[2021-04-20 10:37:27][4] Processing: App\Jobs\GenerateInvoicePDFJob
[2021-04-20 10:37:27][4] Processed:  App\Jobs\GenerateInvoicePDFJob
[2021-04-20 10:54:04][5] Processing: App\Jobs\GenerateInvoicePDFJob
[2021-04-20 10:54:04][5] Processed:  App\Jobs\GenerateInvoicePDFJob
[2021-04-20 12:08:53][6] Processing: App\Jobs\GenerateInvoicePDFJob
[2021-04-20 12:08:53][6] Processed:  App\Jobs\GenerateInvoicePDFJob
[2021-04-20 12:36:55][7] Processing: App\Jobs\GenerateInvoicePDFJob
[2021-04-20 12:36:55][7] Processed:  App\Jobs\GenerateInvoicePDFJob
[2021-04-20 12:39:13][8] Processing: App\Jobs\GenerateInvoicePDFJob
[2021-04-20 12:39:13][8] Processed:  App\Jobs\GenerateInvoicePDFJob
[2021-04-22 08:59:18][9] Processing: App\Jobs\GenerateInvoicePDFJob
[2021-04-22 08:59:18][9] Processed:  App\Jobs\GenerateInvoicePDFJob
[2021-04-22 09:21:16][10] Processing: App\Jobs\GenerateInvoicePDFJob
[2021-04-22 09:21:17][10] Processed:  App\Jobs\GenerateInvoicePDFJob
[2021-04-24 08:51:26][11] Processing: App\Jobs\GenerateInvoicePDFJob
[2021-04-24 08:51:26][11] Processed:  App\Jobs\GenerateInvoicePDFJob
